MobileNFTMinter/android/app/build/intermediates/manifest_merge_blame_file/debug/manifest-merger-blame-debug-report.txt
1<?xml version="1.0" encoding="utf-8"?>
2<manifest xmlns:android="http://schemas.android.com/apk/res/android"
3    package="com.mobilenftminter"
4    android:versionCode="1"
5    android:versionName="1.0" >
6
7    <uses-sdk
8        android:minSdkVersion="21"
9        android:targetSdkVersion="33" />
10
11    <uses-permission android:name="android.permission.SYSTEM_ALERT_WINDOW" />
11-->src/debug/AndroidManifest.xml:5:5-77
11-->src/debug/AndroidManifest.xml:5:22-75
12    <uses-permission android:name="android.permission.INTERNET" />
12-->src/main/AndroidManifest.xml:3:5-67
12-->src/main/AndroidManifest.xml:3:22-64
13    <uses-permission android:name="android.permission.ACCESS_WIFI_STATE" />
13-->[com.facebook.flipper:flipper:0.125.0] AndroidManifest.xml:16:5-76
13-->[com.facebook.flipper:flipper:0.125.0] AndroidManifest.xml:16:22-73
14    <uses-permission android:name="android.permission.ACCESS_NETWORK_STATE" />
14-->[com.solanamobile:mobile-wallet-adapter-clientlib:1.0.5] AndroidManifest.xml:11:5-79
14-->[com.solanamobile:mobile-wallet-adapter-clientlib:1.0.5] AndroidManifest.xml:11:22-76
15
16    <queries>
16-->[com.solanamobile:mobile-wallet-adapter-clientlib:1.0.5] AndroidManifest.xml:13:5-23:15
17
18        <!-- Support querying whether an app with the wallet endpoint role is available -->
19        <intent>
19-->[com.solanamobile:mobile-wallet-adapter-clientlib:1.0.5] AndroidManifest.xml:16:9-22:18
20            <action android:name="android.intent.action.VIEW" />
20-->[com.solanamobile:mobile-wallet-adapter-clientlib:1.0.5] AndroidManifest.xml:17:13-65
20-->[com.solanamobile:mobile-wallet-adapter-clientlib:1.0.5] AndroidManifest.xml:17:21-62
21
22            <category android:name="android.intent.category.BROWSABLE" />
22-->[com.solanamobile:mobile-wallet-adapter-clientlib:1.0.5] AndroidManifest.xml:19:13-74
22-->[com.solanamobile:mobile-wallet-adapter-clientlib:1.0.5] AndroidManifest.xml:19:23-71
23
24            <data android:scheme="solana-wallet" />
24-->[com.solanamobile:mobile-wallet-adapter-clientlib:1.0.5] AndroidManifest.xml:21:13-52
24-->[com.solanamobile:mobile-wallet-adapter-clientlib:1.0.5] AndroidManifest.xml:21:19-49
25        </intent>
26    </queries>
27
28    <application
28-->src/main/AndroidManifest.xml:5:5-24:19
29        android:name="com.mobilenftminter.MainApplication"
29-->src/main/AndroidManifest.xml:6:7-38
30        android:allowBackup="false"
30-->src/main/AndroidManifest.xml:10:7-34
31        android:appComponentFactory="androidx.core.app.CoreComponentFactory"
31-->[androidx.core:core:1.7.0] AndroidManifest.xml:24:18-86
32        android:debuggable="true"
33        android:icon="@mipmap/ic_launcher"
33-->src/main/AndroidManifest.xml:8:7-41
34        android:label="@string/app_name"
34-->src/main/AndroidManifest.xml:7:7-39
35        android:roundIcon="@mipmap/ic_launcher_round"
35-->src/main/AndroidManifest.xml:9:7-52
36        android:theme="@style/AppTheme"
36-->src/main/AndroidManifest.xml:11:7-38
37        android:usesCleartextTraffic="true" >
37-->src/debug/AndroidManifest.xml:8:9-44
38        <activity
38-->src/debug/AndroidManifest.xml:11:9-111
39            android:name="com.facebook.react.devsupport.DevSettingsActivity"
39-->src/debug/AndroidManifest.xml:11:19-83
40            android:exported="false" />
40-->src/debug/AndroidManifest.xml:11:84-108
41        <activity
41-->src/main/AndroidManifest.xml:12:7-23:18
42            android:name="com.mobilenftminter.MainActivity"
42-->src/main/AndroidManifest.xml:13:9-37
43            android:configChanges="keyboard|keyboardHidden|orientation|screenLayout|screenSize|smallestScreenSize|uiMode"
43-->src/main/AndroidManifest.xml:15:9-118
44            android:exported="true"
44-->src/main/AndroidManifest.xml:18:9-32
45            android:label="@string/app_name"
45-->src/main/AndroidManifest.xml:14:9-41
46            android:launchMode="singleTask"
46-->src/main/AndroidManifest.xml:16:9-40
47            android:windowSoftInputMode="adjustResize" >
47-->src/main/AndroidManifest.xml:17:9-51
48            <intent-filter>
48-->src/main/AndroidManifest.xml:19:9-22:25
49                <action android:name="android.intent.action.MAIN" />
49-->src/main/AndroidManifest.xml:20:13-65
49-->src/main/AndroidManifest.xml:20:21-62
50
51                <category android:name="android.intent.category.LAUNCHER" />
51-->src/main/AndroidManifest.xml:21:13-73
51-->src/main/AndroidManifest.xml:21:23-70
52            </intent-filter>
53        </activity>
54
55        <provider
55-->[androidx.emoji2:emoji2:1.0.0] AndroidManifest.xml:26:9-34:20
56            android:name="androidx.startup.InitializationProvider"
56-->[androidx.emoji2:emoji2:1.0.0] AndroidManifest.xml:27:13-67
57            android:authorities="com.mobilenftminter.androidx-startup"
57-->[androidx.emoji2:emoji2:1.0.0] AndroidManifest.xml:28:13-68
58            android:exported="false" >
58-->[androidx.emoji2:emoji2:1.0.0] AndroidManifest.xml:29:13-37
59            <meta-data
59-->[androidx.emoji2:emoji2:1.0.0] AndroidManifest.xml:31:13-33:52
60                android:name="androidx.emoji2.text.EmojiCompatInitializer"
60-->[androidx.emoji2:emoji2:1.0.0] AndroidManifest.xml:32:17-75
61                android:value="androidx.startup" />
61-->[androidx.emoji2:emoji2:1.0.0] AndroidManifest.xml:33:17-49
62            <meta-data
62-->[androidx.lifecycle:lifecycle-process:2.4.0] AndroidManifest.xml:31:13-33:52
63                android:name="androidx.lifecycle.ProcessLifecycleInitializer"
63-->[androidx.lifecycle:lifecycle-process:2.4.0] AndroidManifest.xml:32:17-78
64                android:value="androidx.startup" />
64-->[androidx.lifecycle:lifecycle-process:2.4.0] AndroidManifest.xml:33:17-49
65        </provider>
66    </application>
67
68</manifest>